26.11.2015 17:52:22	Important							Connecting to server on port 30000
26.11.2015 17:52:25	Important							Connecting to server on port 30000
26.11.2015 17:52:26	Common							Connected. Authenticating...
26.11.2015 17:52:26	Common							Received last node-chunk. Completing graph
26.11.2015 17:52:26	Common							CellStack.Setup: height per layer=0,7, layers per stack=32
26.11.2015 17:52:26	Common							Set world core content to Granite
26.11.2015 17:52:26	Common							Applying world delta at range 0...1962 /43562
26.11.2015 17:52:26	Common							Applying world delta at range 1962...3002 /43562
26.11.2015 17:52:26	Common							Applying world delta at range 3002...4042 /43562
26.11.2015 17:52:26	Common							Applying world delta at range 4042...5082 /43562
26.11.2015 17:52:26	Common							Applying world delta at range 5082...6122 /43562
26.11.2015 17:52:26	Common							Applying world delta at range 6122...7162 /43562
26.11.2015 17:52:26	Common							Applying world delta at range 7162...8202 /43562
26.11.2015 17:52:27	Common							Applying world delta at range 8202...9242 /43562
26.11.2015 17:52:27	Common							Applying world delta at range 9242...10282 /43562
26.11.2015 17:52:27	Common							Applying world delta at range 10282...11322 /43562
26.11.2015 17:52:27	Common							Applying world delta at range 11322...12362 /43562
26.11.2015 17:52:27	Common							Applying world delta at range 12362...13402 /43562
26.11.2015 17:52:27	Common							Applying world delta at range 13402...14442 /43562
26.11.2015 17:52:27	Common							Applying world delta at range 14442...15482 /43562
26.11.2015 17:52:27	Common							Applying world delta at range 15482...16522 /43562
26.11.2015 17:52:27	Common							Applying world delta at range 16522...17562 /43562
26.11.2015 17:52:27	Common							Applying world delta at range 17562...18602 /43562
26.11.2015 17:52:27	Common							Applying world delta at range 18602...19642 /43562
26.11.2015 17:52:27	Common							Applying world delta at range 19642...20682 /43562
26.11.2015 17:52:27	Common							Applying world delta at range 20682...21722 /43562
26.11.2015 17:52:27	Common							Applying world delta at range 21722...22762 /43562
26.11.2015 17:52:27	Common							Applying world delta at range 22762...23802 /43562
26.11.2015 17:52:27	Common							Applying world delta at range 23802...24842 /43562
26.11.2015 17:52:27	Common							Applying world delta at range 24842...25882 /43562
26.11.2015 17:52:27	Common							Applying world delta at range 25882...26922 /43562
26.11.2015 17:52:27	Common							Applying world delta at range 26922...27962 /43562
26.11.2015 17:52:27	Common							Applying world delta at range 27962...29002 /43562
26.11.2015 17:52:27	Common							Applying world delta at range 29002...30042 /43562
26.11.2015 17:52:27	Common							Applying world delta at range 30042...31082 /43562
26.11.2015 17:52:27	Common							Applying world delta at range 31082...32122 /43562
26.11.2015 17:52:27	Common							Applying world delta at range 32122...33162 /43562
26.11.2015 17:52:27	Common							Applying world delta at range 33162...34202 /43562
26.11.2015 17:52:27	Common							Applying world delta at range 34202...35242 /43562
26.11.2015 17:52:27	Common							Applying world delta at range 35242...36282 /43562
26.11.2015 17:52:27	Common							Applying world delta at range 36282...37322 /43562
26.11.2015 17:52:27	Common							Applying world delta at range 37322...38362 /43562
26.11.2015 17:52:27	Common							Applying world delta at range 38362...39402 /43562
26.11.2015 17:52:27	Common							Applying world delta at range 39402...40442 /43562
26.11.2015 17:52:27	Common							Applying world delta at range 40442...41482 /43562
26.11.2015 17:52:27	Common							Applying world delta at range 41482...42522 /43562
26.11.2015 17:52:27	Common							Applying world delta at range 42522...43562 /43562
26.11.2015 17:52:27	Common							Received technite state chunk containing 1 technites
26.11.2015 17:52:27	Low							32004[11] (TTL=64, Lit=True) {Energy=1, Matter=0} created
26.11.2015 17:52:27	Common							1 technite(s) were created this round.
26.11.2015 17:52:27	Important							Session started: 6d042601e1873a499bb17bff6986e784 in round 0/0
26.11.2015 17:52:27	Common							Instructing technites in round 0/0
26.11.2015 17:52:27	Common							ProcessTechnites()
26.11.2015 17:52:27	Common							Sending 1 technite data response chunks
26.11.2015 17:52:27	Common							Received technite state chunk containing 1 technites
26.11.2015 17:52:28	Common							Instructing technites in round 0/1
26.11.2015 17:52:28	Common							ProcessTechnites()
26.11.2015 17:52:28	Common							Sending 1 technite data response chunks
26.11.2015 17:52:28	Common							Received technite state chunk containing 1 technites
26.11.2015 17:52:28	Common							Instructing technites in round 1/0
26.11.2015 17:52:28	Common							ProcessTechnites()
26.11.2015 17:52:28	Common							Sending 1 technite data response chunks
26.11.2015 17:52:28	Common							Received technite state chunk containing 1 technites
26.11.2015 17:52:29	Common							Instructing technites in round 1/1
26.11.2015 17:52:29	Common							ProcessTechnites()
26.11.2015 17:52:29	Common							Sending 1 technite data response chunks
26.11.2015 17:52:29	Common							Received technite state chunk containing 1 technites
26.11.2015 17:52:30	Common							Instructing technites in round 2/0
26.11.2015 17:52:30	Common							ProcessTechnites()
26.11.2015 17:52:30	Common							Sending 1 technite data response chunks
26.11.2015 17:52:30	Common							Received technite state chunk containing 1 technites
26.11.2015 17:52:31	Common							Instructing technites in round 2/1
26.11.2015 17:52:31	Common							ProcessTechnites()
26.11.2015 17:52:31	Common							Sending 1 technite data response chunks
26.11.2015 17:52:31	Common							Received technite state chunk containing 1 technites
26.11.2015 17:52:31	Common							Instructing technites in round 3/0
26.11.2015 17:52:31	Common							ProcessTechnites()
26.11.2015 17:52:31	Common							Sending 1 technite data response chunks
26.11.2015 17:52:32	Common							Received technite state chunk containing 1 technites
26.11.2015 17:52:32	Common							Instructing technites in round 3/1
26.11.2015 17:52:32	Common							ProcessTechnites()
26.11.2015 17:52:32	Common							Sending 1 technite data response chunks
26.11.2015 17:52:32	Common							Received technite state chunk containing 1 technites
26.11.2015 17:52:33	Common							Instructing technites in round 4/0
26.11.2015 17:52:33	Common							ProcessTechnites()
26.11.2015 17:52:33	Common							Sending 1 technite data response chunks
26.11.2015 17:52:33	Common							Received technite state chunk containing 1 technites
26.11.2015 17:52:34	Common							Instructing technites in round 4/1
26.11.2015 17:52:34	Common							ProcessTechnites()
26.11.2015 17:52:34	Common							Sending 1 technite data response chunks
26.11.2015 17:52:34	Common							Received technite state chunk containing 1 technites
26.11.2015 17:52:35	Common							Instructing technites in round 5/0
26.11.2015 17:52:35	Common							ProcessTechnites()
26.11.2015 17:52:35	Common							Sending 1 technite data response chunks
26.11.2015 17:52:35	Common							Received technite state chunk containing 1 technites
26.11.2015 17:52:35	Common							Instructing technites in round 5/1
26.11.2015 17:52:35	Common							ProcessTechnites()
26.11.2015 17:52:35	Common							Sending 1 technite data response chunks
26.11.2015 17:52:35	Common							Received technite state chunk containing 1 technites
26.11.2015 17:52:36	Common							Instructing technites in round 6/0
26.11.2015 17:52:36	Common							ProcessTechnites()
26.11.2015 17:52:36	Common							Sending 1 technite data response chunks
26.11.2015 17:52:36	Common							Received technite state chunk containing 1 technites
26.11.2015 17:52:37	Common							Instructing technites in round 6/1
26.11.2015 17:52:37	Common							ProcessTechnites()
26.11.2015 17:52:37	Common							Sending 1 technite data response chunks
26.11.2015 17:52:37	Common							Received technite state chunk containing 1 technites
26.11.2015 17:52:38	Common							Instructing technites in round 7/0
26.11.2015 17:52:38	Common							ProcessTechnites()
26.11.2015 17:52:38	Common							Sending 1 technite data response chunks
26.11.2015 17:52:38	Common							Received technite state chunk containing 1 technites
26.11.2015 17:52:38	Common							Instructing technites in round 7/1
26.11.2015 17:52:38	Common							ProcessTechnites()
26.11.2015 17:52:38	Common							Sending 1 technite data response chunks
26.11.2015 17:52:38	Common							Received technite state chunk containing 1 technites
26.11.2015 17:52:39	Common							Instructing technites in round 8/0
26.11.2015 17:52:39	Common							ProcessTechnites()
26.11.2015 17:52:39	Common							Sending 1 technite data response chunks
26.11.2015 17:52:39	Common							Received technite state chunk containing 1 technites
26.11.2015 17:52:40	Common							Instructing technites in round 8/1
26.11.2015 17:52:40	Common							ProcessTechnites()
26.11.2015 17:52:40	Common							Sending 1 technite data response chunks
26.11.2015 17:52:40	Common							Received technite state chunk containing 1 technites
26.11.2015 17:52:41	Common							Instructing technites in round 9/0
26.11.2015 17:52:41	Common							ProcessTechnites()
26.11.2015 17:52:41	Common							Sending 1 technite data response chunks
26.11.2015 17:52:41	Common							Received technite state chunk containing 1 technites
26.11.2015 17:52:41	Common							Instructing technites in round 9/1
26.11.2015 17:52:41	Common							ProcessTechnites()
26.11.2015 17:52:41	Common							Sending 1 technite data response chunks
26.11.2015 17:52:42	Common							Received technite state chunk containing 1 technites
26.11.2015 17:52:42	Common							Instructing technites in round 10/0
26.11.2015 17:52:42	Common							ProcessTechnites()
26.11.2015 17:52:42	Common							Sending 1 technite data response chunks
26.11.2015 17:52:42	Common							Received technite state chunk containing 1 technites
26.11.2015 17:52:43	Common							Instructing technites in round 10/1
26.11.2015 17:52:43	Common							ProcessTechnites()
26.11.2015 17:52:43	Common							Sending 1 technite data response chunks
26.11.2015 17:52:43	Common							Received technite state chunk containing 1 technites
26.11.2015 17:52:44	Common							Instructing technites in round 11/0
26.11.2015 17:52:44	Common							ProcessTechnites()
26.11.2015 17:52:44	Common							Sending 1 technite data response chunks
26.11.2015 17:52:44	Common							Received technite state chunk containing 1 technites
26.11.2015 17:52:45	Common							Instructing technites in round 11/1
26.11.2015 17:52:45	Common							ProcessTechnites()
26.11.2015 17:52:45	Common							Sending 1 technite data response chunks
26.11.2015 17:52:45	Common							Received technite state chunk containing 1 technites
26.11.2015 17:52:45	Common							Instructing technites in round 12/0
26.11.2015 17:52:45	Common							ProcessTechnites()
26.11.2015 17:52:45	Common							Sending 1 technite data response chunks
26.11.2015 17:52:45	Common							Received technite state chunk containing 1 technites
26.11.2015 17:52:46	Common							Instructing technites in round 12/1
26.11.2015 17:52:46	Common							ProcessTechnites()
26.11.2015 17:52:46	Common							Sending 1 technite data response chunks
26.11.2015 17:52:46	Common							Received technite state chunk containing 1 technites
26.11.2015 17:52:47	Common							Instructing technites in round 13/0
26.11.2015 17:52:47	Common							ProcessTechnites()
26.11.2015 17:52:47	Common							Sending 1 technite data response chunks
26.11.2015 17:52:47	Common							Received technite state chunk containing 1 technites
26.11.2015 17:52:48	Common							Instructing technites in round 13/1
26.11.2015 17:52:48	Common							ProcessTechnites()
26.11.2015 17:52:48	Common							Sending 1 technite data response chunks
26.11.2015 17:52:48	Common							Received technite state chunk containing 1 technites
26.11.2015 17:52:48	Common							Instructing technites in round 14/0
26.11.2015 17:52:48	Common							ProcessTechnites()
26.11.2015 17:52:48	Common							Sending 1 technite data response chunks
26.11.2015 17:52:48	Common							Received technite state chunk containing 1 technites
26.11.2015 17:52:49	Common							Instructing technites in round 14/1
26.11.2015 17:52:49	Common							ProcessTechnites()
26.11.2015 17:52:49	Common							Sending 1 technite data response chunks
26.11.2015 17:52:49	Common							Received technite state chunk containing 1 technites
26.11.2015 17:52:50	Common							Instructing technites in round 15/0
26.11.2015 17:52:50	Common							ProcessTechnites()
26.11.2015 17:52:50	Common							Sending 1 technite data response chunks
26.11.2015 17:52:50	Common							Received technite state chunk containing 1 technites
26.11.2015 17:52:51	Common							Instructing technites in round 15/1
26.11.2015 17:52:51	Common							ProcessTechnites()
26.11.2015 17:52:51	Common							Sending 1 technite data response chunks
26.11.2015 17:52:51	Common							Received technite state chunk containing 1 technites
26.11.2015 17:52:51	Common							Instructing technites in round 16/0
26.11.2015 17:52:51	Common							ProcessTechnites()
26.11.2015 17:52:51	Common							Sending 1 technite data response chunks
26.11.2015 17:52:51	Common							Received technite state chunk containing 1 technites
26.11.2015 17:52:52	Common							Instructing technites in round 16/1
26.11.2015 17:52:52	Common							ProcessTechnites()
26.11.2015 17:52:52	Common							Sending 1 technite data response chunks
26.11.2015 17:52:52	Common							Received technite state chunk containing 1 technites
26.11.2015 17:52:53	Common							Instructing technites in round 17/0
26.11.2015 17:52:53	Common							ProcessTechnites()
26.11.2015 17:52:53	Common							Sending 1 technite data response chunks
26.11.2015 17:52:53	Common							Received technite state chunk containing 1 technites
26.11.2015 17:52:54	Common							Instructing technites in round 17/1
26.11.2015 17:52:54	Common							ProcessTechnites()
26.11.2015 17:52:54	Common							Sending 1 technite data response chunks
26.11.2015 17:52:54	Common							Received technite state chunk containing 1 technites
26.11.2015 17:52:54	Common							Instructing technites in round 18/0
26.11.2015 17:52:54	Common							ProcessTechnites()
26.11.2015 17:52:54	Common							Sending 1 technite data response chunks
26.11.2015 17:52:54	Common							Received technite state chunk containing 1 technites
26.11.2015 17:52:55	Common							Instructing technites in round 18/1
26.11.2015 17:52:55	Common							ProcessTechnites()
26.11.2015 17:52:55	Common							Sending 1 technite data response chunks
26.11.2015 17:52:55	Common							Received technite state chunk containing 1 technites
26.11.2015 17:52:56	Common							Instructing technites in round 19/0
26.11.2015 17:52:56	Common							ProcessTechnites()
26.11.2015 17:52:56	Common							Sending 1 technite data response chunks
26.11.2015 17:52:56	Common							Received technite state chunk containing 1 technites
26.11.2015 17:52:57	Common							Instructing technites in round 19/1
26.11.2015 17:52:57	Common							ProcessTechnites()
26.11.2015 17:52:57	Common							Sending 1 technite data response chunks
26.11.2015 17:52:57	Common							Received technite state chunk containing 1 technites
26.11.2015 17:52:57	Common							Instructing technites in round 20/0
26.11.2015 17:52:57	Common							ProcessTechnites()
26.11.2015 17:52:57	Common							Sending 1 technite data response chunks
26.11.2015 17:52:58	Common							Received technite state chunk containing 1 technites
26.11.2015 17:52:58	Common							Instructing technites in round 20/1
26.11.2015 17:52:58	Common							ProcessTechnites()
26.11.2015 17:52:58	Common							Sending 1 technite data response chunks
26.11.2015 17:52:58	Common							Received technite state chunk containing 1 technites
26.11.2015 17:52:59	Common							Instructing technites in round 21/0
26.11.2015 17:52:59	Common							ProcessTechnites()
26.11.2015 17:52:59	Common							Sending 1 technite data response chunks
26.11.2015 17:52:59	Common							Received technite state chunk containing 1 technites
26.11.2015 17:53:00	Common							Instructing technites in round 21/1
26.11.2015 17:53:00	Common							ProcessTechnites()
26.11.2015 17:53:00	Common							Sending 1 technite data response chunks
26.11.2015 17:53:00	Common							Received technite state chunk containing 1 technites
26.11.2015 17:53:01	Common							Instructing technites in round 22/0
26.11.2015 17:53:01	Common							ProcessTechnites()
26.11.2015 17:53:01	Common							Sending 1 technite data response chunks
26.11.2015 17:53:01	Common							Received technite state chunk containing 1 technites
26.11.2015 17:53:01	Common							Instructing technites in round 22/1
26.11.2015 17:53:01	Common							ProcessTechnites()
26.11.2015 17:53:01	Common							Sending 1 technite data response chunks
26.11.2015 17:53:01	Common							Received technite state chunk containing 1 technites
26.11.2015 17:53:02	Common							Instructing technites in round 23/0
26.11.2015 17:53:02	Common							ProcessTechnites()
26.11.2015 17:53:02	Common							Sending 1 technite data response chunks
26.11.2015 17:53:02	Common							Received technite state chunk containing 1 technites
26.11.2015 17:53:03	Common							Instructing technites in round 23/1
26.11.2015 17:53:03	Common							ProcessTechnites()
26.11.2015 17:53:03	Common							Sending 1 technite data response chunks
26.11.2015 17:53:03	Common							Received technite state chunk containing 1 technites
26.11.2015 17:53:04	Common							Instructing technites in round 24/0
26.11.2015 17:53:04	Common							ProcessTechnites()
26.11.2015 17:53:04	Common							Sending 1 technite data response chunks
26.11.2015 17:53:04	Common							Received technite state chunk containing 1 technites
26.11.2015 17:53:04	Common							Instructing technites in round 24/1
26.11.2015 17:53:04	Common							ProcessTechnites()
26.11.2015 17:53:04	Common							Sending 1 technite data response chunks
26.11.2015 17:53:04	Common							Received technite state chunk containing 1 technites
26.11.2015 17:53:05	Common							Instructing technites in round 25/0
26.11.2015 17:53:05	Common							ProcessTechnites()
26.11.2015 17:53:05	Common							Sending 1 technite data response chunks
26.11.2015 17:53:05	Common							Received technite state chunk containing 1 technites
26.11.2015 17:53:06	Common							Instructing technites in round 25/1
26.11.2015 17:53:06	Common							ProcessTechnites()
26.11.2015 17:53:06	Common							Sending 1 technite data response chunks
26.11.2015 17:53:06	Common							Received technite state chunk containing 1 technites
26.11.2015 17:53:07	Common							Instructing technites in round 26/0
26.11.2015 17:53:07	Common							ProcessTechnites()
26.11.2015 17:53:07	Common							Sending 1 technite data response chunks
26.11.2015 17:53:07	Common							Received technite state chunk containing 1 technites
26.11.2015 17:53:07	Common							Instructing technites in round 26/1
26.11.2015 17:53:07	Common							ProcessTechnites()
26.11.2015 17:53:07	Common							Sending 1 technite data response chunks
26.11.2015 17:53:07	Common							Received technite state chunk containing 1 technites
26.11.2015 17:53:08	Common							Instructing technites in round 27/0
26.11.2015 17:53:08	Common							ProcessTechnites()
26.11.2015 17:53:08	Common							Sending 1 technite data response chunks
26.11.2015 17:53:08	Common							Received technite state chunk containing 1 technites
26.11.2015 17:53:09	Common							Instructing technites in round 27/1
26.11.2015 17:53:09	Common							ProcessTechnites()
26.11.2015 17:53:09	Common							Sending 1 technite data response chunks
26.11.2015 17:53:09	Common							Received technite state chunk containing 1 technites
26.11.2015 17:53:10	Common							Instructing technites in round 28/0
26.11.2015 17:53:10	Common							ProcessTechnites()
26.11.2015 17:53:10	Common							Sending 1 technite data response chunks
26.11.2015 17:53:10	Common							Received technite state chunk containing 1 technites
26.11.2015 17:53:10	Common							Instructing technites in round 28/1
26.11.2015 17:53:10	Common							ProcessTechnites()
26.11.2015 17:53:10	Common							Sending 1 technite data response chunks
26.11.2015 17:53:11	Common							Received technite state chunk containing 1 technites
26.11.2015 17:53:11	Common							Instructing technites in round 29/0
26.11.2015 17:53:11	Common							ProcessTechnites()
26.11.2015 17:53:11	Common							Sending 1 technite data response chunks
26.11.2015 17:53:11	Common							Received technite state chunk containing 1 technites
26.11.2015 17:53:12	Common							Instructing technites in round 29/1
26.11.2015 17:53:12	Common							ProcessTechnites()
26.11.2015 17:53:12	Common							Sending 1 technite data response chunks
26.11.2015 17:53:12	Common							Received technite state chunk containing 1 technites
26.11.2015 17:53:13	Common							Instructing technites in round 30/0
26.11.2015 17:53:13	Common							ProcessTechnites()
26.11.2015 17:53:13	Common							Sending 1 technite data response chunks
26.11.2015 17:53:13	Common							Received technite state chunk containing 1 technites
26.11.2015 17:53:13	Common							Instructing technites in round 30/1
26.11.2015 17:53:13	Common							ProcessTechnites()
26.11.2015 17:53:13	Common							Sending 1 technite data response chunks
26.11.2015 17:53:14	Common							Received technite state chunk containing 1 technites
26.11.2015 17:53:14	Common							Instructing technites in round 31/0
26.11.2015 17:53:14	Common							ProcessTechnites()
26.11.2015 17:53:14	Common							Sending 1 technite data response chunks
26.11.2015 17:53:14	Common							Received technite state chunk containing 1 technites
26.11.2015 17:53:15	Common							Instructing technites in round 31/1
26.11.2015 17:53:15	Common							ProcessTechnites()
26.11.2015 17:53:15	Common							Sending 1 technite data response chunks
26.11.2015 17:53:15	Common							Applying world delta at range 6122...7162 /43562
26.11.2015 17:53:15	Common							Applying world delta at range 31082...32122 /43562
26.11.2015 17:53:16	Common							Instructing technites in round 32/0
26.11.2015 17:53:16	Common							ProcessTechnites()
26.11.2015 17:53:16	Common							Sending 1 technite data response chunks
26.11.2015 17:53:16	Common							Set world core content to Granite
26.11.2015 17:53:16	Important							Connection lost to host.
26.11.2015 17:53:18	Important							Connecting to server on port 30000
26.11.2015 17:53:21	Important							Connecting to server on port 30000
26.11.2015 17:53:24	Important							Connecting to server on port 30000
26.11.2015 17:53:27	Important							Connecting to server on port 30000
26.11.2015 17:53:30	Important							Connecting to server on port 30000
26.11.2015 17:53:33	Important							Connecting to server on port 30000
26.11.2015 17:53:36	Important							Connecting to server on port 30000
26.11.2015 17:53:39	Important							Connecting to server on port 30000
26.11.2015 17:53:42	Important							Connecting to server on port 30000
26.11.2015 17:53:45	Important							Connecting to server on port 30000
26.11.2015 17:53:48	Important							Connecting to server on port 30000
